Arguments: 
  /usr/bin/node /usr/local/share/yarn/bin/yarn.js

PATH: 
  /usr/local/sbin:/usr/local/bin:/usr/sbin:/usr/bin:/sbin:/bin

Yarn version: 
  1.5.1

Node version: 
  9.11.0

Platform: 
  linux x64

npm manifest: 
  {
    "name": "app",
    "version": "1.0.0",
    "description": "Frontend",
    "author": "",
    "config": {
      "nuxt": {
        "host": "0.0.0.0"
      }
    },
    "scripts": {
      "dev": "nuxt",
      "build": "nuxt build",
      "start": "nuxt start",
      "generate": "nuxt generate"
    },
    "dependencies": {
      "nuxt": "^1.0.0"
    },
    "devDependencies": {
      "@nuxtjs/axios": "^5.3.1",
      "@nuxtjs/proxy": "^1.2.4",
      "axios": "^0.18.0",
      "node-sass": "^4.9.0",
      "nuxt-sass-resources-loader": "^2.0.2",
      "pug": "^2.0.3",
      "pug-plain-loader": "^1.0.0",
      "sass-loader": "^7.0.3"
    }
  }

yarn manifest: 
  No manifest

Lockfile: 
  No lockfile

Trace: 
  Error: /var/www/node_modules/node-sass: Command failed.
  Exit code: 1
  Command: sh
  Arguments: -c node scripts/build.js
  Directory: /var/www/node_modules/node-sass
  Output:
  Building: /usr/bin/node /var/www/node_modules/node-gyp/bin/node-gyp.js rebuild --verbose --libsass_ext= --libsass_cflags= --libsass_ldflags= --libsass_library=
  gyp info it worked if it ends with ok
  gyp verb cli [ '/usr/bin/node',
  gyp verb cli   '/var/www/node_modules/node-gyp/bin/node-gyp.js',
  gyp verb cli   'rebuild',
  gyp verb cli   '--verbose',
  gyp verb cli   '--libsass_ext=',
  gyp verb cli   '--libsass_cflags=',
  gyp verb cli   '--libsass_ldflags=',
  gyp verb cli   '--libsass_library=' ]
  gyp info using node-gyp@3.8.0
  gyp info using node@9.11.0 | linux | x64
  gyp verb command rebuild []
  gyp verb command clean []
  gyp verb clean removing "build" directory
  gyp verb command configure []
  gyp verb check python checking for Python executable "python2" in the PATH
  gyp verb `which` succeeded python2 /usr/bin/python2
  gyp verb check python version `/usr/bin/python2 -c "import sys; print "2.7.15
  gyp verb check python version .%s.%s" % sys.version_info[:3];"` returned: %j
  gyp verb get node dir no --target version specified, falling back to host node version: 9.11.0
  gyp verb command install [ '9.11.0' ]
  gyp verb install input version string "9.11.0"
  gyp verb install installing version: 9.11.0
  gyp verb install --ensure was passed, so won't reinstall if already installed
  gyp verb install version not already installed, continuing with install 9.11.0
  gyp verb ensuring nodedir is created /root/.node-gyp/9.11.0
  gyp verb created nodedir /root/.node-gyp
  gyp http GET https://nodejs.org/download/release/v9.11.0/node-v9.11.0-headers.tar.gz
  gyp http 200 https://nodejs.org/download/release/v9.11.0/node-v9.11.0-headers.tar.gz
  gyp verb extracted file from tarball include/node/android-ifaddrs.h
  gyp verb extracted file from tarball include/node/common.gypi
  gyp verb extracted file from tarball include/node/config.gypi
  gyp verb extracted file from tarball include/node/node.h
  gyp verb extracted file from tarball include/node/node_api.h
  gyp verb extracted file from tarball include/node/node_api_types.h
  gyp verb extracted file from tarball include/node/node_buffer.h
  gyp verb extracted file from tarball include/node/node_object_wrap.h
  gyp verb extracted file from tarball include/node/node_version.h
  gyp verb extracted file from tarball include/node/pthread-barrier.h
  gyp verb extracted file from tarball include/node/stdint-msvc2008.h
  gyp verb extracted file from tarball include/node/tree.h
  gyp verb extracted file from tarball include/node/uv-aix.h
  gyp verb extracted file from tarball include/node/uv-bsd.h
  gyp verb extracted file from tarball include/node/uv-darwin.h
  gyp verb extracted file from tarball include/node/uv-errno.h
  gyp verb extracted file from tarball include/node/uv-linux.h
  gyp verb extracted file from tarball include/node/uv-os390.h
  gyp verb extracted file from tarball include/node/uv-posix.h
  gyp verb extracted file from tarball include/node/uv-sunos.h
  gyp verb extracted file from tarball include/node/uv-threadpool.h
  gyp verb extracted file from tarball include/node/uv-unix.h
  gyp verb extracted file from tarball include/node/uv-version.h
  gyp verb extracted file from tarball include/node/uv-win.h
  gyp verb extracted file from tarball include/node/uv.h
  gyp verb extracted file from tarball include/node/v8-debug.h
  gyp verb extracted file from tarball include/node/v8-inspector-protocol.h
  gyp verb extracted file from tarball include/node/v8-inspector.h
  gyp verb extracted file from tarball include/node/v8-platform.h
  gyp verb extracted file from tarball include/node/v8-profiler.h
  gyp verb extracted file from tarball include/node/v8-testing.h
  gyp verb extracted file from tarball include/node/v8-util.h
  gyp verb extracted file from tarball include/node/v8-value-serializer-version.h
  gyp verb extracted file from tarball include/node/v8-version-string.h
  gyp verb extracted file from tarball include/node/v8-version.h
  gyp verb extracted file from tarball include/node/v8.h
  gyp verb extracted file from tarball include/node/v8config.h
  gyp verb extracted file from tarball include/node/zconf.h
  gyp verb extracted file from tarball include/node/zlib.h
  gyp verb extracted file from tarball include/node/openssl/aes.h
  gyp verb extracted file from tarball include/node/openssl/asn1.h
  gyp verb extracted file from tarball include/node/openssl/asn1_mac.h
  gyp verb extracted file from tarball include/node/openssl/asn1t.h
  gyp verb extracted file from tarball include/node/openssl/bio.h
  gyp verb extracted file from tarball include/node/openssl/blowfish.h
  gyp verb extracted file from tarball include/node/openssl/bn.h
  gyp verb extracted file from tarball include/node/openssl/buffer.h
  gyp verb extracted file from tarball include/node/openssl/camellia.h
  gyp verb extracted file from tarball include/node/openssl/cast.h
  gyp verb extracted file from tarball include/node/openssl/cmac.h
  gyp verb extracted file from tarball include/node/openssl/cms.h
  gyp verb extracted file from tarball include/node/openssl/comp.h
  gyp verb extracted file from tarball include/node/openssl/conf.h
  gyp verb extracted file from tarball include/node/openssl/conf_api.h
  gyp verb extracted file from tarball include/node/openssl/crypto.h
  gyp verb extracted file from tarball include/node/openssl/des.h
  gyp verb extracted file from tarball include/node/openssl/des_old.h
  gyp verb extracted file from tarball include/node/openssl/dh.h
  gyp verb extracted file from tarball include/node/openssl/dsa.h
  gyp verb extracted file from tarball include/node/openssl/dso.h
  gyp verb extracted file from tarball include/node/openssl/dtls1.h
  gyp verb extracted file from tarball include/node/openssl/e_os2.h
  gyp verb extracted file from tarball include/node/openssl/ebcdic.h
  gyp verb extracted file from tarball include/node/openssl/ec.h
  gyp verb extracted file from tarball include/node/openssl/ecdh.h
  gyp verb extracted file from tarball include/node/openssl/ecdsa.h
  gyp verb extracted file from tarball include/node/openssl/engine.h
  gyp verb extracted file from tarball include/node/openssl/err.h
  gyp verb extracted file from tarball include/node/openssl/evp.h
  gyp verb extracted file from tarball include/node/openssl/hmac.h
  gyp verb extracted file from tarball include/node/openssl/idea.h
  gyp verb extracted file from tarball include/node/openssl/krb5_asn.h
  gyp verb extracted file from tarball include/node/openssl/kssl.h
  gyp verb extracted file from tarball include/node/openssl/lhash.h
  gyp verb extracted file from tarball include/node/openssl/md4.h
  gyp verb extracted file from tarball include/node/openssl/md5.h
  gyp verb extracted file from tarball include/node/openssl/mdc2.h
  gyp verb extracted file from tarball include/node/openssl/modes.h
  gyp verb extracted file from tarball include/node/openssl/obj_mac.h
  gyp verb extracted file from tarball include/node/openssl/objects.h
  gyp verb extracted file from tarball include/node/openssl/ocsp.h
  gyp verb extracted file from tarball include/node/openssl/opensslconf.h
  gyp verb extracted file from tarball include/node/openssl/opensslv.h
  gyp verb extracted file from tarball include/node/openssl/ossl_typ.h
  gyp verb extracted file from tarball include/node/openssl/pem.h
  gyp verb extracted file from tarball include/node/openssl/pem2.h
  gyp verb extracted file from tarball include/node/openssl/pkcs12.h
  gyp verb extracted file from tarball include/node/openssl/pkcs7.h
  gyp verb extracted file from tarball include/node/openssl/pqueue.h
  gyp verb extracted file from tarball include/node/openssl/rand.h
  gyp verb extracted file from tarball include/node/openssl/rc2.h
  gyp verb extracted file from tarball include/node/openssl/rc4.h
  gyp verb extracted file from tarball include/node/openssl/ripemd.h
  gyp verb extracted file from tarball include/node/openssl/rsa.h
  gyp verb extracted file from tarball include/node/openssl/safestack.h
  gyp verb extracted file from tarball include/node/openssl/seed.h
  gyp verb extracted file from tarball include/node/openssl/sha.h
  gyp verb extracted file from tarball include/node/openssl/srp.h
  gyp verb extracted file from tarball include/node/openssl/srtp.h
  gyp verb extracted file from tarball include/node/openssl/ssl.h
  gyp verb extracted file from tarball include/node/openssl/ssl2.h
  gyp verb extracted file from tarball include/node/openssl/ssl23.h
  gyp verb extracted file from tarball include/node/openssl/ssl3.h
  gyp verb content checksum node-v9.11.0-headers.tar.gz 93df63039a6e9674f10e91a861c9e72956e6f1e99d283cac4ab4bea05ee74540
  gyp verb extracted file from tarball include/node/openssl/stack.h
  gyp verb extracted file from tarball include/node/openssl/symhacks.h
  gyp verb extracted file from tarball include/node/openssl/tls1.h
  gyp verb extracted file from tarball include/node/openssl/ts.h
  gyp verb extracted file from tarball include/node/openssl/txt_db.h
  gyp verb extracted file from tarball include/node/openssl/ui.h
  gyp verb extracted file from tarball include/node/openssl/ui_compat.h
  gyp verb extracted file from tarball include/node/openssl/whrlpool.h
  gyp verb extracted file from tarball include/node/openssl/x509.h
  gyp verb extracted file from tarball include/node/openssl/x509_vfy.h
  gyp verb extracted file from tarball include/node/openssl/x509v3.h
  gyp verb extracted file from tarball include/node/openssl/archs/VC-WIN64A/opensslconf.h
  gyp verb extracted file from tarball include/node/openssl/archs/VC-WIN32/opensslconf.h
  gyp verb extracted file from tarball include/node/openssl/archs/solaris64-x86_64-gcc/opensslconf.h
  gyp verb extracted file from tarball include/node/openssl/archs/solaris-x86-gcc/opensslconf.h
  gyp verb extracted file from tarball include/node/openssl/archs/linux64-s390x/opensslconf.h
  gyp verb extracted file from tarball include/node/openssl/archs/linux32-s390x/opensslconf.h
  gyp verb extracted file from tarball include/node/openssl/archs/linux-x86_64/opensslconf.h
  gyp verb extracted file from tarball include/node/openssl/archs/linux-x32/opensslconf.h
  gyp verb extracted file from tarball include/node/openssl/archs/linux-ppc64/opensslconf.h
  gyp verb extracted file from tarball include/node/openssl/archs/linux-ppc/opensslconf.h
  gyp verb extracted file from tarball include/node/openssl/archs/linux-elf/opensslconf.h
  gyp verb extracted file from tarball include/node/openssl/archs/linux-armv4/opensslconf.h
  gyp verb extracted file from tarball include/node/openssl/archs/linux-aarch64/opensslconf.h
  gyp verb extracted file from tarball include/node/openssl/archs/darwin64-x86_64-cc/opensslconf.h
  gyp verb extracted file from tarball include/node/openssl/archs/darwin-i386-cc/opensslconf.h
  gyp verb extracted file from tarball include/node/openssl/archs/BSD-x86_64/opensslconf.h
  gyp verb extracted file from tarball include/node/openssl/archs/BSD-x86/opensslconf.h
  gyp verb extracted file from tarball include/node/openssl/archs/aix64-gcc/opensslconf.h
  gyp verb extracted file from tarball include/node/openssl/archs/aix-gcc/opensslconf.h
  gyp verb extracted file from tarball include/node/libplatform/libplatform-export.h
  gyp verb extracted file from tarball include/node/libplatform/libplatform.h
  gyp verb extracted file from tarball include/node/libplatform/v8-tracing.h
  gyp verb tarball done parsing tarball
  gyp verb check download content checksum, need to download `SHASUMS256.txt`... 
  gyp verb checksum url https://nodejs.org/download/release/v9.11.0/SHASUMS256.txt
  gyp http GET https://nodejs.org/download/release/v9.11.0/SHASUMS256.txt
  gyp http 200 https://nodejs.org/download/release/v9.11.0/SHASUMS256.txt
  gyp verb checksum data {"node-v9.11.0-aix-ppc64.tar.gz":"b85ea086ed586a54c78a87402729a078ef3bc6d887771426a10d8b781baaf0cd","node-v9.11.0-darwin-x64.tar.gz":"e562cfc01a4d8e62c1d86f59cef4f00439b4ad279c97f95f76a39f4b3530b8e5","node-v9.11.0-darwin-x64.tar.xz":"07f94bd718d8a94bdb7824362dd699e181ba8d38929016181c0ef6967afadab2","node-v9.11.0-headers.tar.gz":"93df63039a6e9674f10e91a861c9e72956e6f1e99d283cac4ab4bea05ee74540","node-v9.11.0-headers.tar.xz":"f4b5cbb2025dc85439d37b76976bb53599dbcc4cfe21cb7bcd8b1a7dfda2db1e","node-v9.11.0-linux-arm64.tar.gz":"5fe73dc5951c8400dcde594a8cc35068bee2933f2902760c0ad49fe6ec1cbca2","node-v9.11.0-linux-arm64.tar.xz":"8df1dd7a1ec298900cf699a7ee8e5f0f478075d0e4c4fd3fb6e3a4ad3527545c","node-v9.11.0-linux-armv6l.tar.gz":"9f17ccd9781ac92f6d17b06143cf6a926f40800d77e6d6e4f44a127b83ed6cf7","node-v9.11.0-linux-armv6l.tar.xz":"1c9bbe691dc4aa86745467eb49cf44fff69ba994b1d1c9fc06ce59af19dac37b","node-v9.11.0-linux-armv7l.tar.gz":"305bfa9ad80cda92d9f2577027946756e96f2c3c7c8a7bb5174f2a2d9014f343","node-v9.11.0-linux-armv7l.tar.xz":"6a38d14a52be805ab3bd454b1417c3e1354d4f9a987896dc5329aa76326a4c5f","node-v9.11.0-linux-ppc64le.tar.gz":"9217918331ed75846ac10c734bf80ea34cc897e1d9aaf97c73575f76088a671c","node-v9.11.0-linux-ppc64le.tar.xz":"a762b7139012911950c3aa01897a371d391ec47667c91510a6a5e6639cbb0825","node-v9.11.0-linux-s390x.tar.gz":"0ecdd5a1e8ef3da613df3f5896dfdeb8c45973d1c2f71adc27f1f16309d33674","node-v9.11.0-linux-s390x.tar.xz":"2369093bf724b476a5a0e3f202cf35f37118838b9693766ce3c860677f1c6135","node-v9.11.0-linux-x64.tar.gz":"c6208bc9e74b67369192b329ae48915541dc6144bbb39e53551b81ef7cbe73b4","node-v9.11.0-linux-x64.tar.xz":"a4349420b74804b3404a4eea27341297968f61998b01f6504dbbad603700e944","node-v9.11.0-linux-x86.tar.gz":"6bfd006777720502a41bb1af9455c6ea56686757ab197da9b675db9a4a49902e","node-v9.11.0-linux-x86.tar.xz":"3ec2790bb43048672d499d32ae5e38cf3e360d67acf55350dff7f2ab3557dc0c","node-v9.11.0.pkg":"05e779ed8fd41918bf27c7f4db5161105305bd70eb7e46255075240070697666","node-v9.11.0-sunos-x64.tar.gz":"43349d94af3301da47846001c54d4fb2c54cb129739ea2ca5fa34c289ede5b2b","node-v9.11.0-sunos-x64.tar.xz":"56e398b238a1f4363a54b6df7ecfe15fa911ec04c2c3543efe481e0763856689","node-v9.11.0-sunos-x86.tar.gz":"ee95cef033893c21a9f0edb1eff86dc918f0a007ca1e85d55c36d2634f972b85","node-v9.11.0-sunos-x86.tar.xz":"405239f8c7faac1dafe58e60b56f1ce9025d4d22ef0126098b92197f62e87886","node-v9.11.0.tar.gz":"e4607ed007f0c4d2c1c9a0dea9e676db155c60328864c991e8e08ccac7256425","node-v9.11.0.tar.xz":"6e80ad23d3b3e2f7a4c4b4cd787a0c24dd61f43d5ebc4fe171f8933e4a531f99","node-v9.11.0-win-x64.7z":"2ee630228ce249b55d1f60c309af333668de9d227c7494878cdb6eb72f4084b7","node-v9.11.0-win-x64.zip":"6e7f586ece923fd71e36d5db80b6a6d731a2b156464058cb2304f6c0192637cb","node-v9.11.0-win-x86.7z":"44298de72e16b7d0ad7f40f846961b2d67920a257ee3b6f44c7f1621ead3bcf2","node-v9.11.0-win-x86.zip":"cdacd4a881458cc403ec9b5dd88e781bfaf4104079a48015e839f5a3198f9ea2","node-v9.11.0-x64.msi":"27ca07f3eeac71902f6daec28e763fe1c4c19e112da89d5d226e95b4750d6961","node-v9.11.0-x86.msi":"722d234369822507e288ae194a0fb7bfdf9a6b2fabc8c1b345fcafc7ec601cf3","win-x64/node.exe":"231d64e7b31689c061a8c1770c3cfc9d6fcd0fd73585060fe7d93b4f0a126741","win-x64/node.lib":"4cd011662adca34ea84bdb68d08b7a6e92e9052b53a112aab4b9cffaeaced8b7","win-x64/node_pdb.7z":"f462e8ab5e5cb1ff89605c386cc99b1b9943f5cfaf175c9e8693e10964b29c6c","win-x64/node_pdb.zip":"fabc543ee982d8229e6b680ea9db03abb41e8609d66e46c29d4ff09232b68f0d","win-x86/node.exe":"aa91f16967d622880564e78067c76f62b4c921d388a5c0ac2a6dd485dcf1138d","win-x86/node.lib":"b81b50341e877cb66ad3a3934273a3cd2c113434a24b8c8bf78897d94b22e645","win-x86/node_pdb.7z":"ce95d7df6ac3145a776e6039185b30c9937c8072426a0a604a82e5cae16b3e27","win-x86/node_pdb.zip":"3041a28d2e5a2cfa3ce0ca312f6c0e73ae8086099186653c952f41553c7019ba"}
  gyp verb download contents checksum {"node-v9.11.0-headers.tar.gz":"93df63039a6e9674f10e91a861c9e72956e6f1e99d283cac4ab4bea05ee74540"}
  gyp verb validating download checksum for node-v9.11.0-headers.tar.gz (93df63039a6e9674f10e91a861c9e72956e6f1e99d283cac4ab4bea05ee74540 == 93df63039a6e9674f10e91a861c9e72956e6f1e99d283cac4ab4bea05ee74540)
  gyp verb get node dir target node version installed: 9.11.0
  gyp verb build dir attempting to create "build" dir: /var/www/node_modules/node-sass/build
  gyp verb build dir "build" dir needed to be created? /var/www/node_modules/node-sass/build
  gyp verb build/config.gypi creating config file
  gyp verb build/config.gypi writing out config file: /var/www/node_modules/node-sass/build/config.gypi
  gyp verb config.gypi checking for gypi file: /var/www/node_modules/node-sass/config.gypi
  gyp verb common.gypi checking for gypi file: /var/www/node_modules/node-sass/common.gypi
  gyp verb gyp gyp format was not specified; forcing "make"
  gyp info spawn /usr/bin/python2
  gyp info spawn args [ '/var/www/node_modules/node-gyp/gyp/gyp_main.py',
  gyp info spawn args   'binding.gyp',
  gyp info spawn args   '-f',
  gyp info spawn args   'make',
  gyp info spawn args   '-I',
  gyp info spawn args   '/var/www/node_modules/node-sass/build/config.gypi',
  gyp info spawn args   '-I',
  gyp info spawn args   '/var/www/node_modules/node-gyp/addon.gypi',
  gyp info spawn args   '-I',
  gyp info spawn args   '/root/.node-gyp/9.11.0/include/node/common.gypi',
  gyp info spawn args   '-Dlibrary=shared_library',
  gyp info spawn args   '-Dvisibility=default',
  gyp info spawn args   '-Dnode_root_dir=/root/.node-gyp/9.11.0',
  gyp info spawn args   '-Dnode_gyp_dir=/var/www/node_modules/node-gyp',
  gyp info spawn args   '-Dnode_lib_file=/root/.node-gyp/9.11.0/<(target_arch)/node.lib',
  gyp info spawn args   '-Dmodule_root_dir=/var/www/node_modules/node-sass',
  gyp info spawn args   '-Dnode_engine=v8',
  gyp info spawn args   '--depth=.',
  gyp info spawn args   '--no-parallel',
  gyp info spawn args   '--generator-output',
  gyp info spawn args   'build',
  gyp info spawn args   '-Goutput_dir=.' ]
  gyp verb command build []
  gyp verb build type Release
  gyp verb architecture x64
  gyp verb node dev dir /root/.node-gyp/9.11.0
  gyp verb `which` succeeded for `make` /usr/bin/make
  gyp info spawn make
  gypmake: Entering directory '/var/www/node_modules/node-sass/build'
   info spawn args [ 'V=1', 'BUILDTYPE=Release', '-C', 'build' ]
    g++ '-DNODE_GYP_MODULE_NAME=libsass' '-DUSING_UV_SHARED=1' '-DUSING_V8_SHARED=1' '-DV8_DEPRECATION_WARNINGS=1' '-D_LARGEFILE_SOURCE' '-D_FILE_OFFSET_BITS=64' '-DLIBSASS_VERSION="3.5.4"' -I/root/.node-gyp/9.11.0/include/node -I/root/.node-gyp/9.11.0/src -I/root/.node-gyp/9.11.0/deps/openssl/config -I/root/.node-gyp/9.11.0/deps/openssl/openssl/include -I/root/.node-gyp/9.11.0/deps/uv/include -I/root/.node-gyp/9.11.0/deps/zlib -I/root/.node-gyp/9.11.0/deps/v8/include -I../src/libsass/include  -fPIC -pthread -Wall -Wextra -Wno-unused-parameter -m64 -O3 -fno-omit-frame-pointer -std=gnu++0x -std=c++0x -fexceptions -frtti -MMD -MF ./Release/.deps/Release/obj.target/libsass/src/libsass/src/ast.o.d.raw   -c -o Release/obj.target/libsass/src/libsass/src/ast.o ../src/libsass/src/ast.cpp
  make: g++: Command not found
  make: *** [src/libsass.target.mk:150: Release/obj.target/libsass/src/libsass/src/ast.o] Error 127
  gyp ERR! build error 
  gyp ERR! stack Error: `make` failed with exit code: 2
  gyp ERR! stack     at ChildProcess.onExit (/var/www/node_modules/node-gyp/lib/build.js:262:23)
  gyp ERR! stack     at ChildProcess.emit (events.js:180:13)
  gyp ERR! stack     at Process.ChildProcess._handle.onexit (internal/child_process.js:209:12)
  gyp ERR! System Linux 4.8.0-52-generic
  gyp ERR! command "/usr/bin/node" "/var/www/node_modules/node-gyp/bin/node-gyp.js" "rebuild" "--verbose" "--libsass_ext=" "--libsass_cflags=" "--libsass_ldflags=" "--libsass_library="
  gyp ERR! cwd /var/www/node_modules/node-sass
  gyp ERR! node -v v9.11.0
  gyp ERR! node-gyp -v v3.8.0
  gyp ERR! not ok 
  make: Leaving directory '/var/www/node_modules/node-sass/build'
  Build failed with error code: 1
      at ProcessTermError.MessageError (/usr/local/share/yarn/lib/cli.js:186:110)
      at new ProcessTermError (/usr/local/share/yarn/lib/cli.js:226:113)
      at ChildProcess.<anonymous> (/usr/local/share/yarn/lib/cli.js:30281:17)
      at ChildProcess.emit (events.js:180:13)
      at maybeClose (internal/child_process.js:936:16)
      at Process.ChildProcess._handle.onexit (internal/child_process.js:220:5)
